<?xml version="1.0" encoding="UTF-8"?>
<testsuite name="com.footprint.app.ui.PermissionUiTextMapperTest" tests="3" skipped="0" failures="0" errors="0" timestamp="2026-05-17T04:32:47" hostname="Dracon" time="0.041">
  <properties/>
  <testcase name="foregroundStatusLabel_mapsPermanentlyDenied" classname="com.footprint.app.ui.PermissionUiTextMapperTest" time="0.04"/>
  <testcase name="foregroundStatusLabel_mapsNotRequested" classname="com.footprint.app.ui.PermissionUiTextMapperTest" time="0.001"/>
  <testcase name="foregroundStatusLabel_mapsDenied" classname="com.footprint.app.ui.PermissionUiTextMapperTest" time="0.0"/>
  <system-out><![CDATA[]]></system-out>
  <system-err><![CDATA[]]></system-err>
</testsuite>
