<?xml version="1.0" encoding="UTF-8"?>
<testsuite name="com.footprint.app.location.TrackingStateUiMapperTest" tests="2" skipped="0" failures="0" errors="0" timestamp="2026-05-17T05:08:03" hostname="Dracon" time="0.028">
  <properties/>
  <testcase name="effectiveModeLabel_mapsRunningMode" classname="com.footprint.app.location.TrackingStateUiMapperTest" time="0.013"/>
  <testcase name="statusLabel_mapsStopped" classname="com.footprint.app.location.TrackingStateUiMapperTest" time="0.014"/>
  <system-out><![CDATA[]]></system-out>
  <system-err><![CDATA[]]></system-err>
</testsuite>
