<?xml version="1.0" encoding="UTF-8"?>
<testsuite name="com.footprint.app.timeline.TimelineDataUiStateFactoryTest" tests="3" skipped="0" failures="0" errors="0" timestamp="2026-05-17T04:32:46" hostname="Dracon" time="0.212">
  <properties/>
  <testcase name="fromPoints_returnsSuccess_forPoints" classname="com.footprint.app.timeline.TimelineDataUiStateFactoryTest" time="0.04"/>
  <testcase name="fromError_returnsErrorState" classname="com.footprint.app.timeline.TimelineDataUiStateFactoryTest" time="0.149"/>
  <testcase name="fromPoints_returnsEmpty_forNoPoints" classname="com.footprint.app.timeline.TimelineDataUiStateFactoryTest" time="0.022"/>
  <system-out><![CDATA[]]></system-out>
  <system-err><![CDATA[]]></system-err>
</testsuite>
