<?xml version="1.0" encoding="UTF-8"?>
<testsuite name="com.footprint.app.timeline.TimelineDataUiStateFactoryTest" tests="3" skipped="0" failures="0" errors="0" timestamp="2026-05-17T05:08:03" hostname="Dracon" time="0.079">
  <properties/>
  <testcase name="fromPoints_returnsSuccess_forPoints" classname="com.footprint.app.timeline.TimelineDataUiStateFactoryTest" time="0.034"/>
  <testcase name="fromError_returnsErrorState" classname="com.footprint.app.timeline.TimelineDataUiStateFactoryTest" time="0.028"/>
  <testcase name="fromPoints_returnsEmpty_forNoPoints" classname="com.footprint.app.timeline.TimelineDataUiStateFactoryTest" time="0.017"/>
  <system-out><![CDATA[]]></system-out>
  <system-err><![CDATA[]]></system-err>
</testsuite>
