<?xml version="1.0" encoding="UTF-8"?>
<testsuite name="com.footprint.app.location.LocationTrackingPolicyTest" tests="6" skipped="0" failures="0" errors="0" timestamp="2026-05-17T04:32:46" hostname="Dracon" time="0.101">
  <properties/>
  <testcase name="activeMode_staysActive" classname="com.footprint.app.location.LocationTrackingPolicyTest" time="0.098"/>
  <testcase name="poorAccuracy_isAllowedWhenNoSavedPointsExist" classname="com.footprint.app.location.LocationTrackingPolicyTest" time="0.0"/>
  <testcase name="balancedMode_downgradesToLowPowerWhenNotMoving" classname="com.footprint.app.location.LocationTrackingPolicyTest" time="0.0"/>
  <testcase name="poorAccuracy_isIgnoredAfterFirstSavedPoint" classname="com.footprint.app.location.LocationTrackingPolicyTest" time="0.0"/>
  <testcase name="lowPowerMode_promotesToBalancedWhenMoving" classname="com.footprint.app.location.LocationTrackingPolicyTest" time="0.001"/>
  <testcase name="duplicateNearbyPoint_isIgnored" classname="com.footprint.app.location.LocationTrackingPolicyTest" time="0.0"/>
  <system-out><![CDATA[]]></system-out>
  <system-err><![CDATA[]]></system-err>
</testsuite>
