<?xml version="1.0" encoding="UTF-8"?>
<testsuite name="com.footprint.app.location.TrackingStateReconcilerTest" tests="4" skipped="0" failures="0" errors="0" timestamp="2026-05-17T05:08:02" hostname="Dracon" time="0.199">
  <properties/>
  <testcase name="persistedRunning_andServiceNotRunning_resolvesStopped" classname="com.footprint.app.location.TrackingStateReconcilerTest" time="0.198"/>
  <testcase name="persistedRunning_andPermissionMissing_resolvesPermissionMissing" classname="com.footprint.app.location.TrackingStateReconcilerTest" time="0.001"/>
  <testcase name="persistedRunning_andServiceRunning_resolvesRunning" classname="com.footprint.app.location.TrackingStateReconcilerTest" time="0.0"/>
  <testcase name="persistedStopped_resolvesStopped" classname="com.footprint.app.location.TrackingStateReconcilerTest" time="0.0"/>
  <system-out><![CDATA[]]></system-out>
  <system-err><![CDATA[]]></system-err>
</testsuite>
